Using pre-set license
Built from '2021.1/staging' branch; Version is '2021.1.17f1 (03b40fe07a36) revision 242703'; Using compiler version '192528614'; Build Type 'Release'
OS: 'Windows 10 Home; OS build 19043.1165; Version 2009; 64bit' Language: 'en' Physical Memory: 16334 MB
BatchMode: 1, IsHumanControllingUs: 0, StartBugReporterOnCrash: 0, Is64bit: 1, IsPro: 0

 COMMAND LINE ARGUMENTS:
C:\Program Files\Unity\Hub\Editor\2021.1.17f1\Editor\Unity.exe
-adb2
-batchMode
-noUpm
-name
AssetImportWorker0
-projectPath
C:/Users/colli/Documents/Repos/Fall2021/MobileGame
-logFile
Logs/AssetImportWorker0.log
-srvPort
56937
Successfully changed project path to: C:/Users/colli/Documents/Repos/Fall2021/MobileGame
C:/Users/colli/Documents/Repos/Fall2021/MobileGame
Using Asset Import Pipeline V2.
Refreshing native plugins compatible for Editor in 126.03 ms, found 3 plugins.
Preloading 0 native plugins for Editor in 0.00 ms.
Initialize engine version: 2021.1.17f1 (03b40fe07a36)
[Subsystems] Discovering subsystems at path C:/Program Files/Unity/Hub/Editor/2021.1.17f1/Editor/Data/Resources/UnitySubsystems
[Subsystems] Discovering subsystems at path C:/Users/colli/Documents/Repos/Fall2021/MobileGame/Assets
GfxDevice: creating device client; threaded=0; jobified=0
Direct3D:
    Version:  Direct3D 11.0 [level 11.1]
    Renderer: NVIDIA GeForce RTX 3060 Ti (ID=0x2486)
    Vendor:   NVIDIA
    VRAM:     8050 MB
    Driver:   30.0.14.7111
Initialize mono
Mono path[0] = 'C:/Program Files/Unity/Hub/Editor/2021.1.17f1/Editor/Data/Managed'
Mono path[1] = 'C:/Program Files/Unity/Hub/Editor/2021.1.17f1/Editor/Data/MonoBleedingEdge/lib/mono/unityjit'
Mono config path = 'C:/Program Files/Unity/Hub/Editor/2021.1.17f1/Editor/Data/MonoBleedingEdge/etc'
Using monoOptions --debugger-agent=transport=dt_socket,embedding=1,server=y,suspend=n,address=127.0.0.1:56908
Begin MonoManager ReloadAssembly
Registering precompiled unity dll's ...
Register platform support module: C:/Program Files/Unity/Hub/Editor/2021.1.17f1/Editor/Data/PlaybackEngines/WindowsStandaloneSupport/UnityEditor.WindowsStandalone.Extensions.dll
Registered in 0.007150 seconds.
Native extension for WindowsStandalone target not found
Refreshing native plugins compatible for Editor in 123.11 ms, found 3 plugins.
Preloading 0 native plugins for Editor in 0.00 ms.
Mono: successfully reloaded assembly
- Completed reload, in  1.821 seconds
Domain Reload Profiling:
	ReloadAssembly (1822ms)
		BeginReloadAssembly (86ms)
			ExecutionOrderSort (0ms)
			DisableScriptedObjects (0ms)
			BackupInstance (0ms)
			ReleaseScriptingObjects (0ms)
			CreateAndSetChildDomain (1ms)
		EndReloadAssembly (654ms)
			LoadAssemblies (82ms)
			RebuildTransferFunctionScriptingTraits (0ms)
			SetupTypeCache (230ms)
			ReleaseScriptCaches (0ms)
			RebuildScriptCaches (42ms)
			SetupLoadedEditorAssemblies (306ms)
				LogAssemblyErrors (0ms)
				InitializePlatformSupportModulesInManaged (7ms)
				SetLoadedEditorAssemblies (0ms)
				RefreshPlugins (123ms)
				BeforeProcessingInitializeOnLoad (1ms)
				ProcessInitializeOnLoadAttributes (125ms)
				ProcessInitializeOnLoadMethodAttributes (48ms)
				AfterProcessingInitializeOnLoad (0ms)
				EditorAssembliesLoaded (0ms)
			ExecutionOrderSort2 (0ms)
			AwakeInstancesAfterBackupRestoration (0ms)
Platform modules already initialized, skipping
Registering precompiled user dll's ...
Registered in 0.008112 seconds.
Begin MonoManager ReloadAssembly
Symbol file LoadedFromMemory doesn't match image C:\Users\colli\Documents\Repos\Fall2021\MobileGame\Library\PackageCache\com.unity.visualscripting@1.6.1\Editor\VisualScripting.Core\Dependencies\DotNetZip\Unity.VisualScripting.IonicZip.dll
Symbol file LoadedFromMemory doesn't match image C:\Users\colli\Documents\Repos\Fall2021\MobileGame\Library\PackageCache\com.unity.visualscripting@1.6.1\Editor\VisualScripting.Core\Dependencies\YamlDotNet\Unity.VisualScripting.YamlDotNet.dll
Native extension for WindowsStandalone target not found
Refreshing native plugins compatible for Editor in 0.93 ms, found 3 plugins.
Preloading 0 native plugins for Editor in 0.00 ms.
Mono: successfully reloaded assembly
- Completed reload, in  1.509 seconds
Domain Reload Profiling:
	ReloadAssembly (1510ms)
		BeginReloadAssembly (191ms)
			ExecutionOrderSort (0ms)
			DisableScriptedObjects (5ms)
			BackupInstance (0ms)
			ReleaseScriptingObjects (0ms)
			CreateAndSetChildDomain (32ms)
		EndReloadAssembly (1249ms)
			LoadAssemblies (121ms)
			RebuildTransferFunctionScriptingTraits (0ms)
			SetupTypeCache (400ms)
			ReleaseScriptCaches (1ms)
			RebuildScriptCaches (54ms)
			SetupLoadedEditorAssemblies (573ms)
				LogAssemblyErrors (0ms)
				InitializePlatformSupportModulesInManaged (4ms)
				SetLoadedEditorAssemblies (0ms)
				RefreshPlugins (1ms)
				BeforeProcessingInitializeOnLoad (91ms)
				ProcessInitializeOnLoadAttributes (398ms)
				ProcessInitializeOnLoadMethodAttributes (68ms)
				AfterProcessingInitializeOnLoad (10ms)
				EditorAssembliesLoaded (0ms)
			ExecutionOrderSort2 (0ms)
			AwakeInstancesAfterBackupRestoration (7ms)
Platform modules already initialized, skipping
========================================================================
Worker process is ready to serve import requests
Launched and connected shader compiler UnityShaderCompiler.exe after 0.06 seconds
Refreshing native plugins compatible for Editor in 1.44 ms, found 3 plugins.
Preloading 0 native plugins for Editor in 0.00 ms.
Unloading 3537 Unused Serialized files (Serialized files now loaded: 0)
System memory in use before: 123.9 MB.
System memory in use after: 124.1 MB.

Unloading 63 unused Assets to reduce memory usage. Loaded Objects now: 3954.
Total: 7.714500 ms (FindLiveObjects: 0.408000 ms CreateObjectMapping: 0.124800 ms MarkObjects: 7.103900 ms  DeleteObjects: 0.076200 ms)

AssetImportParameters requested are different than current active one (requested -> active):
  custom:framework-win-MediaFoundation: 216162199b28c13a410421893ffa2e32 -> 
  custom:video-decoder-ogg-theora: a1e56fd34408186e4bbccfd4996cb3dc -> 
  custom:container-muxer-webm: aa71ff27fc2769a1b78a27578f13a17b -> 
  custom:container-demuxer-webm: 4f35f7cbe854078d1ac9338744f61a02 -> 
  custom:container-demuxer-ogg: 62fdf1f143b41e24485cea50d1cbac27 -> 
  custom:video-encoder-webm-vp8: eb34c28f22e8b96e1ab97ce403110664 -> 
  custom:video-codec-MediaFoundation-h265: 746d11721c4dcdbdad8f713fa42b33f4 -> 
  custom:video-decoder-webm-vp8: 9c59270c3fd7afecdb556c50c9e8de78 -> 
  custom:audio-decoder-ogg-vorbis: bf7c407c2cedff20999df2af8eb42d56 -> 
  custom:audio-encoder-webm-vorbis: bf7c407c2cedff20999df2af8eb42d56 -> 
========================================================================
Received Import Request.
  path: Assets/Floor.fbx
  artifactKey: Guid(7ac2937cdc905bd40ad41dc1193ef5d5) Importer(815301076,1909f56bfc062723c751e8b465ee728b)
Start importing Assets/Floor.fbx using Guid(7ac2937cdc905bd40ad41dc1193ef5d5) Importer(815301076,1909f56bfc062723c751e8b465ee728b)  -> (artifact id: '5dc5a240f16866827c914debcee143e7') in 0.620606 seconds 
========================================================================
Received Import Request.
  Time since last request: 0.000387 seconds.
  path: Assets/Floor.png
  artifactKey: Guid(1f75aacd937021146bac6054b47ff8b0) Importer(815301076,1909f56bfc062723c751e8b465ee728b)
Start importing Assets/Floor.png using Guid(1f75aacd937021146bac6054b47ff8b0) Importer(815301076,1909f56bfc062723c751e8b465ee728b)  -> (artifact id: '9331e8e8cb1a8c00bf1d3f35371e5f19') in 0.030371 seconds 
========================================================================
Received Import Request.
  Time since last request: 0.000185 seconds.
  path: Assets/BrickWall.mat
  artifactKey: Guid(695c2f5337a851a47ae053600f3d148a) Importer(815301076,1909f56bfc062723c751e8b465ee728b)
Start importing Assets/BrickWall.mat using Guid(695c2f5337a851a47ae053600f3d148a) Importer(815301076,1909f56bfc062723c751e8b465ee728b)  -> (artifact id: '95a3d98083d3f43248e36043ec93a5e2') in 0.037548 seconds 
========================================================================
Received Import Request.
  Time since last request: 0.000221 seconds.
  path: Assets/Floor.mat
  artifactKey: Guid(c5527f1b62533b44d8e0d6e2133c4cfc) Importer(815301076,1909f56bfc062723c751e8b465ee728b)
Start importing Assets/Floor.mat using Guid(c5527f1b62533b44d8e0d6e2133c4cfc) Importer(815301076,1909f56bfc062723c751e8b465ee728b)  -> (artifact id: '93fbd23fbd3c0a313daf5f007aab25b6') in 0.035840 seconds 
========================================================================
Received Import Request.
  Time since last request: 0.000236 seconds.
  path: Assets/BrickWall.png
  artifactKey: Guid(1168483cc1daf81499db595564118fef) Importer(815301076,1909f56bfc062723c751e8b465ee728b)
Start importing Assets/BrickWall.png using Guid(1168483cc1daf81499db595564118fef) Importer(815301076,1909f56bfc062723c751e8b465ee728b)  -> (artifact id: '4412926461a5c8c98d3e4f4c029432ab') in 0.012846 seconds 
========================================================================
Received Import Request.
  Time since last request: 0.000280 seconds.
  path: Assets/Wall.fbx
  artifactKey: Guid(f37e15bbec11fd048b6590bae91357cc) Importer(815301076,1909f56bfc062723c751e8b465ee728b)
Start importing Assets/Wall.fbx using Guid(f37e15bbec11fd048b6590bae91357cc) Importer(815301076,1909f56bfc062723c751e8b465ee728b)  -> (artifact id: 'b6965bb5cfbdd2597c665e0938ecd3e8') in 0.043211 seconds 
========================================================================
Received Import Request.
  Time since last request: 276.779768 seconds.
  path: Assets/Resources
  artifactKey: Guid(e5901ca0f55e2964b96c9e5ca7dd12d2) Importer(815301076,1909f56bfc062723c751e8b465ee728b)
Start importing Assets/Resources using Guid(e5901ca0f55e2964b96c9e5ca7dd12d2) Importer(815301076,1909f56bfc062723c751e8b465ee728b)  -> (artifact id: '0b877658a8efda347e42037545fcbce9') in 0.008618 seconds 
========================================================================
Received Import Request.
  Time since last request: 1.836184 seconds.
  path: Assets/ProCore
  artifactKey: Guid(cedec78c2c675c6498e949bde829a6b9) Importer(815301076,1909f56bfc062723c751e8b465ee728b)
Start importing Assets/ProCore using Guid(cedec78c2c675c6498e949bde829a6b9) Importer(815301076,1909f56bfc062723c751e8b465ee728b)  -> (artifact id: '95c0dbe32e727e4833aa308877197d66') in 0.006091 seconds 
========================================================================
Received Import Request.
  Time since last request: 1.443886 seconds.
  path: Assets/Scenes
  artifactKey: Guid(99a3b922ce31c8f4eaab5aec24bd6744) Importer(815301076,1909f56bfc062723c751e8b465ee728b)
Start importing Assets/Scenes using Guid(99a3b922ce31c8f4eaab5aec24bd6744) Importer(815301076,1909f56bfc062723c751e8b465ee728b)  -> (artifact id: '289690ee30fe1741b2afff792d9f5a3e') in 0.005779 seconds 
========================================================================
Received Import Request.
  Time since last request: 486.282314 seconds.
  path: Assets
  artifactKey: Guid(00000000000000001000000000000000) Importer(815301076,1909f56bfc062723c751e8b465ee728b)
Start importing Assets using Guid(00000000000000001000000000000000) Importer(815301076,1909f56bfc062723c751e8b465ee728b)  -> (artifact id: '42d402b061de3733987d63b9cc3b64de') in 0.009394 seconds 
========================================================================
Received Import Request.
  Time since last request: 7.347110 seconds.
  path: Assets/MapGenerator.cs
  artifactKey: Guid(260ae3dafa595534b91444d8a0ed31c8) Importer(815301076,1909f56bfc062723c751e8b465ee728b)
Start importing Assets/MapGenerator.cs using Guid(260ae3dafa595534b91444d8a0ed31c8) Importer(815301076,1909f56bfc062723c751e8b465ee728b)  -> (artifact id: '4167ce3721798e98c66ee08281f8cf2b') in 0.016286 seconds 
========================================================================
Received Prepare
Registering precompiled user dll's ...
Registered in 0.006305 seconds.
Begin MonoManager ReloadAssembly
Symbol file LoadedFromMemory doesn't match image C:\Users\colli\Documents\Repos\Fall2021\MobileGame\Library\PackageCache\com.unity.visualscripting@1.6.1\Editor\VisualScripting.Core\Dependencies\DotNetZip\Unity.VisualScripting.IonicZip.dll
Symbol file LoadedFromMemory doesn't match image C:\Users\colli\Documents\Repos\Fall2021\MobileGame\Library\PackageCache\com.unity.visualscripting@1.6.1\Editor\VisualScripting.Core\Dependencies\YamlDotNet\Unity.VisualScripting.YamlDotNet.dll
Native extension for WindowsStandalone target not found
Refreshing native plugins compatible for Editor in 0.99 ms, found 3 plugins.
Preloading 0 native plugins for Editor in 0.00 ms.
Mono: successfully reloaded assembly
- Completed reload, in  1.388 seconds
Domain Reload Profiling:
	ReloadAssembly (1389ms)
		BeginReloadAssembly (157ms)
			ExecutionOrderSort (0ms)
			DisableScriptedObjects (5ms)
			BackupInstance (0ms)
			ReleaseScriptingObjects (0ms)
			CreateAndSetChildDomain (50ms)
		EndReloadAssembly (1159ms)
			LoadAssemblies (106ms)
			RebuildTransferFunctionScriptingTraits (0ms)
			SetupTypeCache (347ms)
			ReleaseScriptCaches (1ms)
			RebuildScriptCaches (60ms)
			SetupLoadedEditorAssemblies (511ms)
				LogAssemblyErrors (0ms)
				InitializePlatformSupportModulesInManaged (4ms)
				SetLoadedEditorAssemblies (0ms)
				RefreshPlugins (1ms)
				BeforeProcessingInitializeOnLoad (69ms)
				ProcessInitializeOnLoadAttributes (365ms)
				ProcessInitializeOnLoadMethodAttributes (61ms)
				AfterProcessingInitializeOnLoad (11ms)
				EditorAssembliesLoaded (0ms)
			ExecutionOrderSort2 (0ms)
			AwakeInstancesAfterBackupRestoration (13ms)
Platform modules already initialized, skipping
Refreshing native plugins compatible for Editor in 1.27 ms, found 3 plugins.
Preloading 0 native plugins for Editor in 0.00 ms.
Unloading 3514 Unused Serialized files (Serialized files now loaded: 0)
System memory in use before: 128.7 MB.
System memory in use after: 129.0 MB.

Unloading 53 unused Assets to reduce memory usage. Loaded Objects now: 4033.
Total: 6.848400 ms (FindLiveObjects: 0.292400 ms CreateObjectMapping: 0.145700 ms MarkObjects: 6.369500 ms  DeleteObjects: 0.039500 ms)

AssetImportParameters requested are different than current active one (requested -> active):
  custom:framework-win-MediaFoundation: 216162199b28c13a410421893ffa2e32 -> 
  custom:video-decoder-ogg-theora: a1e56fd34408186e4bbccfd4996cb3dc -> 
  custom:container-muxer-webm: aa71ff27fc2769a1b78a27578f13a17b -> 
  custom:container-demuxer-webm: 4f35f7cbe854078d1ac9338744f61a02 -> 
  custom:container-demuxer-ogg: 62fdf1f143b41e24485cea50d1cbac27 -> 
  custom:video-encoder-webm-vp8: eb34c28f22e8b96e1ab97ce403110664 -> 
  custom:video-codec-MediaFoundation-h265: 746d11721c4dcdbdad8f713fa42b33f4 -> 
  custom:video-decoder-webm-vp8: 9c59270c3fd7afecdb556c50c9e8de78 -> 
  custom:audio-decoder-ogg-vorbis: bf7c407c2cedff20999df2af8eb42d56 -> 
  custom:audio-encoder-webm-vorbis: bf7c407c2cedff20999df2af8eb42d56 -> 
========================================================================
Received Import Request.
  Time since last request: 350.843889 seconds.
  path: Assets/Doorframe.fbx
  artifactKey: Guid(5155f0c4b6ec5334e8352b1899fef3b6) Importer(815301076,1909f56bfc062723c751e8b465ee728b)
Start importing Assets/Doorframe.fbx using Guid(5155f0c4b6ec5334e8352b1899fef3b6) Importer(815301076,1909f56bfc062723c751e8b465ee728b)  -> (artifact id: 'f8ea50d22c8aeab59b2af4291eb80405') in 0.120228 seconds 
========================================================================
Received Import Request.
  Time since last request: 6.759691 seconds.
  path: Assets/Door.fbx
  artifactKey: Guid(56161bc89a2b19947a2874a80f3836cf) Importer(815301076,1909f56bfc062723c751e8b465ee728b)
Start importing Assets/Door.fbx using Guid(56161bc89a2b19947a2874a80f3836cf) Importer(815301076,1909f56bfc062723c751e8b465ee728b)  -> (artifact id: 'dd6f7d4b2f79073bced494c4468376cc') in 0.024631 seconds 
========================================================================
Received Import Request.
  Time since last request: 1.883781 seconds.
  path: Assets/Door.fbx
  artifactKey: Guid(56161bc89a2b19947a2874a80f3836cf) Importer(815301076,1909f56bfc062723c751e8b465ee728b)
Start importing Assets/Door.fbx using Guid(56161bc89a2b19947a2874a80f3836cf) Importer(815301076,1909f56bfc062723c751e8b465ee728b)  -> (artifact id: 'c1ed3e962943f07cce0f0a9dd8e20407') in 0.016827 seconds 
========================================================================
Received Import Request.
  Time since last request: 0.000177 seconds.
  path: Assets/Doors.png
  artifactKey: Guid(5e7cf3810eff1f741a88cf0fb819a7b8) Importer(815301076,1909f56bfc062723c751e8b465ee728b)
Start importing Assets/Doors.png using Guid(5e7cf3810eff1f741a88cf0fb819a7b8) Importer(815301076,1909f56bfc062723c751e8b465ee728b)  -> (artifact id: 'a6b025d837f7acc53d8a0c7d71428648') in 0.013716 seconds 
========================================================================
Received Import Request.
  Time since last request: 58.868418 seconds.
  path: Assets/Door.mat
  artifactKey: Guid(a58a38822d45c644ea61d166b0fe37c8) Importer(815301076,1909f56bfc062723c751e8b465ee728b)
Start importing Assets/Door.mat using Guid(a58a38822d45c644ea61d166b0fe37c8) Importer(815301076,1909f56bfc062723c751e8b465ee728b)  -> (artifact id: '5caf59825b6d38ac48647bcb4b16f1d5') in 0.020255 seconds 
========================================================================
Received Import Request.
  Time since last request: 18.033427 seconds.
  path: Assets/Doors.png
  artifactKey: Guid(5e7cf3810eff1f741a88cf0fb819a7b8) Importer(815301076,1909f56bfc062723c751e8b465ee728b)
Start importing Assets/Doors.png using Guid(5e7cf3810eff1f741a88cf0fb819a7b8) Importer(815301076,1909f56bfc062723c751e8b465ee728b)  -> (artifact id: '29942cbe7322902ca2dd9ab9f197c1e8') in 0.008744 seconds 
========================================================================
Received Import Request.
  Time since last request: 2.678605 seconds.
  path: Assets/Doors.png
  artifactKey: Guid(5e7cf3810eff1f741a88cf0fb819a7b8) Importer(815301076,1909f56bfc062723c751e8b465ee728b)
Start importing Assets/Doors.png using Guid(5e7cf3810eff1f741a88cf0fb819a7b8) Importer(815301076,1909f56bfc062723c751e8b465ee728b)  -> (artifact id: '4d80e1e753fc6fedc894ee89214d1a44') in 0.009840 seconds 
========================================================================
Received Import Request.
  Time since last request: 4.516908 seconds.
  path: Assets/Door.mat
  artifactKey: Guid(a58a38822d45c644ea61d166b0fe37c8) Importer(815301076,1909f56bfc062723c751e8b465ee728b)
Start importing Assets/Door.mat using Guid(a58a38822d45c644ea61d166b0fe37c8) Importer(815301076,1909f56bfc062723c751e8b465ee728b)  -> (artifact id: 'a059c8a97982b18f5db818177d2a8780') in 0.011155 seconds 
AssetImportWorkerClient::OnTransportError - code=2 error=End of file
