
=== Tue Aug 24 22:48:49 2021

Packages were changed.
Update Mode: updateDependencies

The following packages were added:
  com.unity.2d.sprite@1.0.0
  com.unity.2d.tilemap@1.0.0
  com.unity.ads@3.7.1
  com.unity.analytics@3.5.3
  com.unity.purchasing@3.2.2
  com.unity.xr.legacyinputhelpers@2.1.8

=== Thu Dec  2 20:19:07 2021

Packages were changed.
Update Mode: updateDependencies

The following packages were updated:
  com.unity.ads from version 3.7.1 to 3.7.5
  com.unity.analytics from version 3.5.3 to 3.6.12
  com.unity.cinemachine from version 2.7.8 to 2.8.2
  com.unity.collab-proxy from version 1.7.1 to 1.15.4
  com.unity.ide.visualstudio from version 2.0.11 to 2.0.12
  com.unity.ide.vscode from version 1.2.3 to 1.2.4
  com.unity.inputsystem from version 1.0.2 to 1.2.0
  com.unity.purchasing from version 3.2.2 to 4.1.1
  com.unity.render-pipelines.universal from version 11.0.0 to 12.1.2
  com.unity.test-framework from version 1.1.27 to 1.1.29
  com.unity.timeline from version 1.5.6 to 1.6.2
  com.unity.visualscripting from version 1.6.1 to 1.7.5

=== Tue May 10 17:01:06 2022

Packages were changed.
Update Mode: updateDependencies

The following packages were updated:
  com.unity.cinemachine from version 2.8.2 to 2.8.4
  com.unity.collab-proxy from version 1.15.4 to 1.15.15
  com.unity.ide.rider from version 3.0.7 to 3.0.13
  com.unity.ide.visualstudio from version 2.0.12 to 2.0.14
  com.unity.ide.vscode from version 1.2.4 to 1.2.5
  com.unity.inputsystem from version 1.2.0 to 1.3.0
  com.unity.purchasing from version 4.1.1 to 4.1.3
  com.unity.render-pipelines.universal from version 12.1.2 to 12.1.6
  com.unity.test-framework from version 1.1.29 to 1.1.31
  com.unity.timeline from version 1.6.2 to 1.6.4
  com.unity.visualscripting from version 1.7.5 to 1.7.6
  com.unity.xr.legacyinputhelpers from version 2.1.8 to 2.1.9
